{
  "RSpec": {
    "coverage": {
      "/Users/TIA/Desktop/Rplay/checkpoint/Shortr/spec/features/statistics_spec.rb": [
        1,
        null,
        1,
        1,
        1,
        1,
        null,
        null,
        null,
        1,
        1,
        null,
        1,
        null,
        1,
        null,
        1,
        null,
        null,
        1,
        1,
        null,
        1,
        1,
        null,
        null,
        1,
        null,
        null
      ],
      "/Users/TIA/Desktop/Rplay/checkpoint/Shortr/spec/rails_helper.rb": [
        null,
        1,
        1,
        null,
        1,
        1,
        1,
        1,
        1,
        1,
        1,
        1,
        null,
        null,
        1,
        1,
        1,
        1,
        null,
        1,
        1,
        1,
        null,
        1,
        1,
        1,
        1,
        1,
        0,
        null,
        1,
        null,
        null,
        null,
        null,
        null,
        null,
        null,
        1,
        3,
        null,
        null,
        1,
        3,
        null,
        null,
        null,
        1,
        1,
        null,
        1,
        null,
        null,
        null,
        null,
        null,
        null,
        1,
        null,
        null,
        null,
        null,
        null,
        null,
        null,
        null,
        null,
        null,
        null,
        null,
        null,
        null,
        null,
        null,
        null,
        null,
        null,
        null,
        null,
        1,
        null,
        1,
        null,
        1,
        null,
        null,
        null,
        null,
        1,
        null,
        null,
        null,
        null,
        null,
        null,
        null,
        null,
        null,
        null,
        null,
        null,
        null,
        null,
        1,
        null,
        null,
        1,
        null,
        null,
        null
      ],
      "/Users/TIA/Desktop/Rplay/checkpoint/Shortr/config/environment.rb": [
        null,
        1,
        null,
        null,
        1
      ],
      "/Users/TIA/Desktop/Rplay/checkpoint/Shortr/config/application.rb": [
        1,
        null,
        1,
        null,
        1,
        1,
        1,
        1,
        1,
        1,
        1,
        null,
        null,
        null,
        null,
        1,
        null,
        1,
        1,
        null,
        null,
        null,
        null,
        null,
        null,
        null,
        null,
        null,
        null,
        null,
        null,
        null,
        1,
        null,
        null
      ],
      "/Users/TIA/Desktop/Rplay/checkpoint/Shortr/config/boot.rb": [
        1,
        null,
        1
      ],
      "/Users/TIA/Desktop/Rplay/checkpoint/Shortr/config/environments/test.rb": [
        1,
        null,
        null,
        null,
        null,
        null,
        null,
        1,
        null,
        null,
        null,
        null,
        1,
        null,
        null,
        1,
        1,
        null,
        null,
        1,
        1,
        null,
        null,
        1,
        null,
        null,
        1,
        null,
        null,
        null,
        null,
        1,
        null,
        null,
        1,
        null,
        null,
        1,
        null,
        null,
        null,
        null
      ],
      "/Users/TIA/Desktop/Rplay/checkpoint/Shortr/config/initializers/assets.rb": [
        null,
        null,
        null,
        1,
        null,
        null,
        null,
        null,
        null,
        null,
        null
      ],
      "/Users/TIA/Desktop/Rplay/checkpoint/Shortr/config/initializers/backtrace_silencers.rb": [
        null,
        null,
        null,
        null,
        null,
        null,
        null
      ],
      "/Users/TIA/Desktop/Rplay/checkpoint/Shortr/config/initializers/cookies_serializer.rb": [
        null,
        null,
        1
      ],
      "/Users/TIA/Desktop/Rplay/checkpoint/Shortr/config/initializers/filter_parameter_logging.rb": [
        null,
        null,
        null,
        1
      ],
      "/Users/TIA/Desktop/Rplay/checkpoint/Shortr/config/initializers/inflections.rb": [
        null,
        null,
        null,
        null,
        null,
        null,
        null,
        null,
        null,
        null,
        null,
        null,
        null,
        null,
        null,
        null
      ],
      "/Users/TIA/Desktop/Rplay/checkpoint/Shortr/config/initializers/mime_types.rb": [
        null,
        null,
        null,
        null
      ],
      "/Users/TIA/Desktop/Rplay/checkpoint/Shortr/config/initializers/session_store.rb": [
        null,
        null,
        1
      ],
      "/Users/TIA/Desktop/Rplay/checkpoint/Shortr/config/initializers/sidekiq.rb": [
        null,
        1,
        null,
        1,
        1,
        null,
        null,
        1,
        0,
        null
      ],
      "/Users/TIA/Desktop/Rplay/checkpoint/Shortr/config/initializers/wrap_parameters.rb": [
        null,
        null,
        null,
        null,
        null,
        null,
        1,
        1,
        null,
        null,
        null,
        null,
        null,
        null
      ],
      "/Users/TIA/Desktop/Rplay/checkpoint/Shortr/spec/factories/links.rb": [
        1,
        1,
        1,
        1,
        1,
        1,
        null,
        null
      ],
      "/Users/TIA/Desktop/Rplay/checkpoint/Shortr/spec/factories/statistics.rb": [
        1,
        1,
        1,
        1,
        1,
        1,
        1,
        1,
        1,
        null,
        null
      ],
      "/Users/TIA/Desktop/Rplay/checkpoint/Shortr/spec/factories/users.rb": [
        1,
        1,
        1,
        1,
        1,
        null,
        null
      ],
      "/Users/TIA/Desktop/Rplay/checkpoint/Shortr/config/routes.rb": [
        1,
        1,
        1,
        1,
        null,
        null,
        1,
        null,
        1,
        null,
        1,
        null,
        1,
        null,
        1,
        null,
        null,
        null,
        null,
        null,
        null,
        null,
        null,
        null,
        null,
        null,
        null,
        null,
        null,
        null,
        null,
        null,
        null,
        null,
        null,
        null,
        null,
        null,
        null,
        null,
        null,
        null,
        null,
        null,
        null,
        null,
        null,
        null,
        null,
        null,
        null,
        null,
        null,
        null,
        null,
        null,
        null,
        null,
        null,
        null,
        null,
        null,
        null,
        null,
        null,
        null,
        null,
        null,
        null,
        null,
        null,
        null
      ],
      "/Users/TIA/Desktop/Rplay/checkpoint/Shortr/app/helpers/application_helper.rb": [
        1,
        null
      ],
      "/Users/TIA/Desktop/Rplay/checkpoint/Shortr/app/helpers/links_helper.rb": [
        1,
        null,
        1,
        3,
        2,
        null,
        null,
        null,
        null,
        null,
        1,
        1,
        0,
        0,
        null,
        null,
        null,
        1,
        0,
        0,
        0,
        0,
        0,
        null,
        0,
        null,
        null,
        null,
        1,
        0,
        0,
        null,
        null,
        1,
        0,
        null,
        null,
        null,
        1,
        0,
        0,
        null,
        null,
        1,
        1,
        1,
        null,
        0,
        null,
        null,
        null,
        1,
        0,
        0,
        0,
        0,
        0,
        0,
        null,
        null
      ],
      "/Users/TIA/Desktop/Rplay/checkpoint/Shortr/app/helpers/sessions_helper.rb": [
        1,
        null
      ],
      "/Users/TIA/Desktop/Rplay/checkpoint/Shortr/app/helpers/users_helper.rb": [
        1,
        null
      ],
      "/Users/TIA/Desktop/Rplay/checkpoint/Shortr/spec/test_helpers.rb": [
        1,
        1,
        1,
        null,
        1,
        1,
        1,
        1,
        1,
        1,
        null,
        1,
        null,
        null,
        1,
        1,
        1,
        1,
        null,
        1,
        null,
        null,
        1,
        1,
        1,
        1,
        1,
        null,
        null,
        null,
        null,
        null
      ],
      "/Users/TIA/Desktop/Rplay/checkpoint/Shortr/app/models/link.rb": [
        1,
        1,
        1,
        1,
        null,
        1,
        null,
        1,
        2,
        0,
        null,
        null,
        null,
        1,
        2,
        null,
        null,
        1,
        2,
        null,
        null,
        null
      ],
      "/Users/TIA/Desktop/Rplay/checkpoint/Shortr/app/models/statistic.rb": [
        1,
        1,
        null
      ],
      "/Users/TIA/Desktop/Rplay/checkpoint/Shortr/app/models/user.rb": [
        1,
        1,
        1,
        1,
        1,
        null,
        null,
        null,
        null,
        null,
        null,
        null,
        null,
        null,
        null,
        null,
        null,
        null,
        null,
        null,
        1,
        null,
        1,
        2,
        null
      ],
      "/Users/TIA/Desktop/Rplay/checkpoint/Shortr/app/controllers/welcome_controller.rb": [
        1,
        1,
        1,
        2,
        2,
        2,
        2,
        null,
        null
      ],
      "/Users/TIA/Desktop/Rplay/checkpoint/Shortr/app/controllers/application_controller.rb": [
        1,
        null,
        null,
        1,
        null,
        1,
        null,
        1,
        19,
        15,
        null,
        null,
        null,
        1,
        null,
        1,
        0,
        null,
        null,
        null
      ],
      "/Users/TIA/Desktop/Rplay/checkpoint/Shortr/app/controllers/users_controller.rb": [
        1,
        1,
        1,
        null,
        null,
        1,
        1,
        1,
        1,
        1,
        null,
        null,
        0,
        null,
        null,
        null,
        1,
        3,
        null,
        null,
        1,
        1,
        null,
        null
      ],
      "/Users/TIA/Desktop/Rplay/checkpoint/Shortr/app/controllers/links_controller.rb": [
        1,
        1,
        null,
        1,
        1,
        1,
        2,
        null,
        null,
        null,
        1,
        0,
        0,
        0,
        null,
        null,
        null,
        1,
        0,
        0,
        0,
        0,
        0,
        null,
        0,
        null,
        null,
        null,
        null,
        null,
        1,
        1,
        1,
        1,
        null,
        1,
        1,
        null,
        null,
        null,
        1,
        1,
        1,
        2,
        null,
        null,
        null,
        1,
        0,
        0,
        0,
        null,
        null,
        null,
        null,
        1,
        0,
        0,
        0,
        0,
        0,
        null,
        null,
        1,
        1,
        1,
        null,
        null,
        null
      ],
      "/Users/TIA/Desktop/Rplay/checkpoint/Shortr/app/controllers/sessions_controller.rb": [
        1,
        1,
        null,
        null,
        1,
        1,
        1,
        1,
        1,
        1,
        null,
        0,
        0,
        null,
        null,
        null,
        1,
        0,
        0,
        0,
        null,
        null
      ]
    },
    "timestamp": 1459434769
  }
}
